  CPUBoid.cpp
C:\Program Files (x86)\Windows Kits\10\Include\10.0.18362.0\um\winsock2.h(17,1): warning C4005: '_WINSOCKAPI_': macro redefinition
C:\Users\Eleanor\Documents\Computer Science\Stage 4\Dissertation\GPUFlocking\CSC8503\GameTech\CPUBoid.cpp : message : see previous definition of '_WINSOCKAPI_'
C:\Users\Eleanor\Documents\Computer Science\Stage 4\Dissertation\GPUFlocking\CSC8503\GameTech\CPUBoid.cpp(9,38): warning C4244: 'argument': conversion from 'int' to 'float', possible loss of data
C:\Users\Eleanor\Documents\Computer Science\Stage 4\Dissertation\GPUFlocking\CSC8503\GameTech\CPUBoid.cpp(9,23): warning C4244: 'argument': conversion from 'int' to 'float', possible loss of data
C:\Users\Eleanor\Documents\Computer Science\Stage 4\Dissertation\GPUFlocking\CSC8503\GameTech\CPUBoid.cpp(24,65): warning C4244: 'argument': conversion from 'int' to 'float', possible loss of data
C:\Users\Eleanor\Documents\Computer Science\Stage 4\Dissertation\GPUFlocking\CSC8503\GameTech\CPUBoid.cpp(24,53): warning C4244: 'argument': conversion from 'int' to 'float', possible loss of data
C:\Users\Eleanor\Documents\Computer Science\Stage 4\Dissertation\GPUFlocking\CSC8503\GameTech\CPUBoid.cpp(24,41): warning C4244: 'argument': conversion from 'int' to 'float', possible loss of data
C:\Users\Eleanor\Documents\Computer Science\Stage 4\Dissertation\GPUFlocking\CSC8503\GameTech\CPUBoid.cpp(43,20): warning C4018: '<': signed/unsigned mismatch
C:\Users\Eleanor\Documents\Computer Science\Stage 4\Dissertation\GPUFlocking\CSC8503\GameTech\CPUBoid.cpp(103,20): warning C4018: '<': signed/unsigned mismatch
C:\Users\Eleanor\Documents\Computer Science\Stage 4\Dissertation\GPUFlocking\CSC8503\GameTech\CPUBoid.cpp(138,20): warning C4018: '<': signed/unsigned mismatch
C:\Users\Eleanor\Documents\Computer Science\Stage 4\Dissertation\GPUFlocking\CSC8503\GameTech\CPUBoid.cpp(163,10): warning C4244: 'argument': conversion from 'int' to 'float', possible loss of data
C:\Users\Eleanor\Documents\Computer Science\Stage 4\Dissertation\GPUFlocking\CSC8503\GameTech\CPUBoid.cpp(197,14): warning C4305: 'argument': truncation from 'double' to 'float'
  FlockSystem.cpp
C:\Program Files (x86)\Windows Kits\10\Include\10.0.18362.0\um\winsock2.h(17,1): warning C4005: '_WINSOCKAPI_': macro redefinition
C:\Users\Eleanor\Documents\Computer Science\Stage 4\Dissertation\GPUFlocking\CSC8503\GameTech\FlockSystem.cpp : message : see previous definition of '_WINSOCKAPI_'
C:\Users\Eleanor\Documents\Computer Science\Stage 4\Dissertation\GPUFlocking\CSC8503\GameTech\FlockSystem.cpp(18,20): warning C4018: '<': signed/unsigned mismatch
  FlockingSim.cpp
C:\Program Files (x86)\Windows Kits\10\Include\10.0.18362.0\um\winsock2.h(17,1): warning C4005: '_WINSOCKAPI_': macro redefinition
C:\Users\Eleanor\Documents\Computer Science\Stage 4\Dissertation\GPUFlocking\CSC8503\GameTech\FlockingSim.cpp : message : see previous definition of '_WINSOCKAPI_'
C:\Users\Eleanor\Documents\Computer Science\Stage 4\Dissertation\GPUFlocking\CSC8503\GameTech\FlockingSim.cpp(116,53): warning C4244: 'argument': conversion from 'int' to 'float', possible loss of data
C:\Users\Eleanor\Documents\Computer Science\Stage 4\Dissertation\GPUFlocking\CSC8503\GameTech\FlockingSim.cpp(116,39): warning C4244: 'argument': conversion from 'int' to 'float', possible loss of data
C:\Users\Eleanor\Documents\Computer Science\Stage 4\Dissertation\GPUFlocking\CSC8503\GameTech\FlockingSim.cpp(125,53): warning C4244: 'argument': conversion from 'int' to 'float', possible loss of data
C:\Users\Eleanor\Documents\Computer Science\Stage 4\Dissertation\GPUFlocking\CSC8503\GameTech\FlockingSim.cpp(125,39): warning C4244: 'argument': conversion from 'int' to 'float', possible loss of data
  GPUBoid.cpp
C:\Program Files (x86)\Windows Kits\10\Include\10.0.18362.0\um\winsock2.h(17,1): warning C4005: '_WINSOCKAPI_': macro redefinition
C:\Users\Eleanor\Documents\Computer Science\Stage 4\Dissertation\GPUFlocking\CSC8503\GameTech\GPUBoid.cpp : message : see previous definition of '_WINSOCKAPI_'
C:\Users\Eleanor\Documents\Computer Science\Stage 4\Dissertation\GPUFlocking\CSC8503\GameTech\GPUBoid.cpp(12,46): warning C4244: 'argument': conversion from 'int' to 'float', possible loss of data
C:\Users\Eleanor\Documents\Computer Science\Stage 4\Dissertation\GPUFlocking\CSC8503\GameTech\GPUBoid.cpp(12,31): warning C4244: 'argument': conversion from 'int' to 'float', possible loss of data
C:\Users\Eleanor\Documents\Computer Science\Stage 4\Dissertation\GPUFlocking\CSC8503\GameTech\GPUBoid.cpp(24,65): warning C4244: 'argument': conversion from 'int' to 'float', possible loss of data
C:\Users\Eleanor\Documents\Computer Science\Stage 4\Dissertation\GPUFlocking\CSC8503\GameTech\GPUBoid.cpp(24,53): warning C4244: 'argument': conversion from 'int' to 'float', possible loss of data
C:\Users\Eleanor\Documents\Computer Science\Stage 4\Dissertation\GPUFlocking\CSC8503\GameTech\GPUBoid.cpp(24,41): warning C4244: 'argument': conversion from 'int' to 'float', possible loss of data
  Main.cpp
C:\Program Files (x86)\Windows Kits\10\Include\10.0.18362.0\um\winsock2.h(17,1): warning C4005: '_WINSOCKAPI_': macro redefinition
C:\Users\Eleanor\Documents\Computer Science\Stage 4\Dissertation\GPUFlocking\CSC8503\GameTech\Main.cpp : message : see previous definition of '_WINSOCKAPI_'
  Generating Code...
  GameTech.vcxproj -> C:\Users\Eleanor\Documents\Computer Science\Stage 4\Dissertation\GPUFlocking\Win32\Debug\GameTech1.exe
